<?xml version="1.0" encoding="UTF-8"?>
<!-- Generated by org.testng.reporters.JUnitReportReporter -->
<testsuite hostname="DESKTOP-ROHIT95" failures="0" tests="2" name="com.crm.autodesk.orgtest.CreateOrgTest" time="40.644" errors="0" timestamp="2021-12-30T17:57:53 IST" skipped="0">
  <testcase classname="com.crm.autodesk.orgtest.CreateOrgTest" name="demo" time="8.137"/>
  <system-out/>
  <testcase classname="com.crm.autodesk.orgtest.CreateOrgTest" name="createOrgTest" time="32.507"/>
  <system-out/>
</testsuite> <!-- com.crm.autodesk.orgtest.CreateOrgTest -->
