<?xml version="1.0" encoding="UTF-8"?>
<!-- Generated by org.testng.reporters.JUnitReportReporter -->
<testsuite hostname="DESKTOP-ROHIT95" failures="0" tests="1" name="com.crm.autodesk.contacttest.CreateContactWithOrg" time="27.966" errors="0" timestamp="2021-12-27T17:20:19 IST" skipped="0">
  <testcase classname="com.crm.autodesk.contacttest.CreateContactWithOrg" name="createContactWithOrg" time="27.966"/>
  <system-out/>
</testsuite> <!-- com.crm.autodesk.contacttest.CreateContactWithOrg -->
