<?xml version="1.0" encoding="UTF-8"?>
<!-- Generated by org.testng.reporters.JUnitReportReporter -->
<testsuite hostname="DESKTOP-ROHIT95" failures="0" tests="1" name="com.crm.autodesk.orgtest.CreateOrgWithIndAndTypeTest" time="47.513" errors="0" timestamp="2021-12-30T18:12:53 IST" skipped="0">
  <testcase classname="com.crm.autodesk.orgtest.CreateOrgWithIndAndTypeTest" name="CreateOrgWithIndAndTypeTest" time="47.513"/>
  <system-out/>
</testsuite> <!-- com.crm.autodesk.orgtest.CreateOrgWithIndAndTypeTest -->
