<?xml version="1.0" encoding="UTF-8"?>
<!-- Generated by org.testng.reporters.JUnitReportReporter -->
<testsuite hostname="DESKTOP-ROHIT95" failures="0" tests="3" name="practice.DataProviderPracticeTest" time="0.018" errors="0" timestamp="23 Dec 2021 17:23:36 GMT" skipped="0">
  <testcase classname="practice.DataProviderPracticeTest" name="readDataFromDataProviderTest" time="0.016"/>
  <testcase classname="practice.DataProviderPracticeTest" name="readDataFromDataProviderTest" time="0.001"/>
  <testcase classname="practice.DataProviderPracticeTest" name="readDataFromDataProviderTest" time="0.001"/>
</testsuite> <!-- practice.DataProviderPracticeTest -->
